2021-08-24 12:54:36 info: XVBA Live Server extension is now active!
2021-08-24 12:54:36 debug: Start Watch Excel Export VBA Files
2021-08-24 12:54:36 debug: Start Run Macro Server
2021-08-24 12:54:36 info: XVBA Ribbon Starts
2021-08-24 14:23:47 debug: Close Watch Excel Export VBA Files
2021-09-07 10:34:56 info: XVBA Ribbon Starts
2021-09-08 15:07:57 info: XVBA Ribbon Starts
2021-09-09 09:17:38 info: XVBA Ribbon Starts
2021-09-30 18:44:16 info: XVBA Ribbon Starts
2021-10-01 15:28:26 info: XVBA Ribbon Starts
2021-10-01 15:34:50 info: XVBA Ribbon Starts
2021-10-08 20:13:58 info: XVBA Ribbon Starts
2021-10-09 18:21:59 info: XVBA Ribbon Starts
2021-10-10 18:35:04 info: XVBA Ribbon Starts
2021-10-11 08:22:35 info: XVBA Ribbon Starts
2021-10-12 08:16:47 info: XVBA Ribbon Starts
2021-10-13 18:31:44 info: XVBA Ribbon Starts
2021-10-14 09:02:27 info: XVBA Ribbon Starts
2021-10-14 19:39:52 info: XVBA Ribbon Starts
2021-10-15 09:02:28 info: XVBA Ribbon Starts
2021-10-15 10:33:38 info: XVBA Ribbon Starts
2021-10-16 12:04:19 info: XVBA Ribbon Starts
2021-10-21 09:27:16 info: XVBA Ribbon Starts
2021-10-22 11:33:35 info: XVBA Ribbon Starts
2021-10-22 15:36:00 info: XVBA Ribbon Starts
2021-10-22 19:16:03 info: XVBA Ribbon Starts
2021-10-23 08:24:13 info: XVBA Ribbon Starts
2021-10-23 14:11:03 info: XVBA Ribbon Starts
2021-10-23 14:41:24 info: XVBA Ribbon Starts
2021-10-23 17:08:49 info: XVBA Ribbon Starts
2021-10-24 18:25:34 info: XVBA Ribbon Starts
2021-10-24 21:01:14 info: XVBA Ribbon Starts
2021-10-24 22:06:25 info: XVBA Ribbon Starts
2021-10-25 08:25:56 info: XVBA Ribbon Starts
2021-11-01 13:12:26 info: XVBA Ribbon Starts
2021-11-02 18:05:15 info: XVBA Ribbon Starts
2021-11-03 18:06:39 info: XVBA Ribbon Starts
2021-11-05 18:26:16 info: XVBA Ribbon Starts
2021-11-06 17:40:09 info: XVBA Ribbon Starts
2021-11-07 18:25:03 info: XVBA Ribbon Starts
2021-11-08 17:51:15 info: XVBA Ribbon Starts
2021-11-10 19:12:53 info: XVBA Ribbon Starts
2021-11-13 19:15:04 info: XVBA Ribbon Starts
2021-11-15 17:11:29 info: XVBA Ribbon Starts
2021-11-16 09:25:45 info: XVBA Ribbon Starts
2021-11-16 10:39:11 info: XVBA Ribbon Starts
2021-11-16 17:38:18 info: XVBA Ribbon Starts
2021-11-17 10:22:52 info: XVBA Ribbon Starts
2021-11-17 16:38:29 info: XVBA Ribbon Starts
2021-11-18 09:44:07 info: XVBA Ribbon Starts
2021-11-18 18:31:45 info: XVBA Ribbon Starts
2021-11-23 19:26:24 info: XVBA Ribbon Starts
2021-11-24 19:00:36 info: XVBA Ribbon Starts
2021-11-25 17:28:34 info: XVBA Ribbon Starts
2021-11-26 17:54:13 info: XVBA Ribbon Starts
2021-11-28 14:25:36 info: XVBA Ribbon Starts
2021-11-29 18:50:30 info: XVBA Ribbon Starts
2021-11-30 18:04:20 info: XVBA Ribbon Starts
2021-11-30 19:00:00 info: XVBA Ribbon Starts
2021-11-30 19:57:07 info: XVBA Ribbon Starts
2021-12-01 07:59:38 info: XVBA Ribbon Starts
2021-12-01 19:36:09 info: XVBA Ribbon Starts
2021-12-02 09:06:43 info: XVBA Ribbon Starts
2021-12-02 11:43:27 info: XVBA Ribbon Starts
2021-12-04 09:34:48 info: XVBA Ribbon Starts
2021-12-05 18:02:24 info: XVBA Ribbon Starts
2021-12-07 11:27:32 info: XVBA Ribbon Starts
2021-12-07 19:40:21 info: XVBA Ribbon Starts
2021-12-08 09:36:06 info: XVBA Ribbon Starts
2021-12-08 19:19:07 info: XVBA Ribbon Starts
2021-12-09 08:49:31 info: XVBA Ribbon Starts
2021-12-09 18:43:39 info: XVBA Ribbon Starts
2021-12-09 19:30:29 info: XVBA Ribbon Starts
2021-12-10 13:56:02 info: XVBA Ribbon Starts
2021-12-13 19:43:44 info: XVBA Ribbon Starts
2022-01-07 12:10:48 info: XVBA Ribbon Starts
2022-01-08 11:54:11 info: XVBA Ribbon Starts
2022-01-09 16:41:09 info: XVBA Ribbon Starts
2022-01-10 11:22:35 info: XVBA Ribbon Starts
2022-01-19 10:00:07 info: XVBA Ribbon Starts
2022-01-20 07:40:14 info: XVBA Ribbon Starts
2022-01-20 09:24:59 info: XVBA Ribbon Starts
2022-02-05 15:47:16 info: XVBA Ribbon Starts
2022-02-21 11:48:51 info: XVBA Ribbon Starts
2022-02-24 09:51:06 info: XVBA Ribbon Starts
2022-02-28 20:25:25 info: XVBA Ribbon Starts
